[ 2016-04-17T14:14:35+08:00 ] ::1 /graduationproject/index.php/home/nation/index.html
INFO: [ app_init ] --START--
INFO: Run Behavior\BuildLiteBehavior [ RunTime:0.000024s ]
INFO: [ app_init ] --END-- [ RunTime:0.007215s ]
ERR: SQLSTATE[HY000] [2002] No such file or directory

[ 2016-04-17T14:14:35+08:00 ] ::1 /graduationproject/index.php/home/nation/index.html
INFO: [ app_init ] --START--
INFO: Run Behavior\BuildLiteBehavior [ RunTime:0.000007s ]
INFO: [ app_init ] --END-- [ RunTime:0.000181s ]
ERR: SQLSTATE[HY000] [2002] No such file or directory

[ 2016-04-17T14:21:00+08:00 ] ::1 /graduationproject/index.php/home/nation/index.html
INFO: [ app_init ] --START--
INFO: Run Behavior\BuildLiteBehavior [ RunTime:0.000046s ]
INFO: [ app_init ] --END-- [ RunTime:0.000418s ]

[ 2016-04-17T14:21:13+08:00 ] ::1 /graduationproject/index.php/home/login/login.html
INFO: [ app_init ] --START--
INFO: Run Behavior\BuildLiteBehavior [ RunTime:0.000009s ]
INFO: [ app_init ] --END-- [ RunTime:0.000241s ]

[ 2016-04-17T14:21:25+08:00 ] ::1 /graduationproject/index.php/home/login/trylogin.html
INFO: [ app_init ] --START--
INFO: Run Behavior\BuildLiteBehavior [ RunTime:0.000009s ]
INFO: [ app_init ] --END-- [ RunTime:0.000271s ]
INFO: [ app_begin ] --START--
INFO: Run Behavior\ReadHtmlCacheBehavior [ RunTime:0.000272s ]
INFO: [ app_begin ] --END-- [ RunTime:0.000298s ]
SQL: SELECT `id`,`name`,`email`,`selfintroduction`,`headerimage`,`gender`,`credit`,`star`,`lat`,`lng`,`address`,`books`,`articles` FROM `gt_user` WHERE `id` = null AND `status` = 1 LIMIT 1   [ RunTime:0.0003s ]
SQL: SELECT `id`,`account`,`userid`,`username`,`password` FROM `gt_login` WHERE `account` = 'sam@163.com' AND `status` = 1 LIMIT 1   [ RunTime:0.0068s ]

[ 2016-04-17T14:21:28+08:00 ] ::1 /graduationproject/index.php/home/login/trylogin.html
INFO: [ app_init ] --START--
INFO: Run Behavior\BuildLiteBehavior [ RunTime:0.000006s ]
INFO: [ app_init ] --END-- [ RunTime:0.000198s ]
INFO: [ app_begin ] --START--
INFO: Run Behavior\ReadHtmlCacheBehavior [ RunTime:0.000247s ]
INFO: [ app_begin ] --END-- [ RunTime:0.000269s ]
SQL: SELECT `id`,`name`,`email`,`selfintroduction`,`headerimage`,`gender`,`credit`,`star`,`lat`,`lng`,`address`,`books`,`articles` FROM `gt_user` WHERE `id` = null AND `status` = 1 LIMIT 1   [ RunTime:0.0004s ]
SQL: SELECT `id`,`account`,`userid`,`username`,`password` FROM `gt_login` WHERE `account` = 'sam@163.com' AND `status` = 1 LIMIT 1   [ RunTime:0.0004s ]

[ 2016-04-17T14:21:31+08:00 ] ::1 /graduationproject/index.php/home/nation/index.html
INFO: [ app_init ] --START--
INFO: Run Behavior\BuildLiteBehavior [ RunTime:0.000008s ]
INFO: [ app_init ] --END-- [ RunTime:0.000257s ]

[ 2016-04-17T14:21:44+08:00 ] ::1 /graduationproject/index.php/home/articles/writearticle.html
INFO: [ app_init ] --START--
INFO: Run Behavior\BuildLiteBehavior [ RunTime:0.000009s ]
INFO: [ app_init ] --END-- [ RunTime:0.000244s ]

[ 2016-04-17T14:21:44+08:00 ] ::1 /graduationproject/index.php/home/books/donatebooks.html
INFO: [ app_init ] --START--
INFO: Run Behavior\BuildLiteBehavior [ RunTime:0.000006s ]
INFO: [ app_init ] --END-- [ RunTime:0.000182s ]

[ 2016-04-17T14:21:45+08:00 ] ::1 /graduationproject/index.php/home/articles/index.html
INFO: [ app_init ] --START--
INFO: Run Behavior\BuildLiteBehavior [ RunTime:0.000006s ]
INFO: [ app_init ] --END-- [ RunTime:0.000181s ]

[ 2016-04-17T14:21:46+08:00 ] ::1 /graduationproject/index.php/home/nation/index.html
INFO: [ app_init ] --START--
INFO: Run Behavior\BuildLiteBehavior [ RunTime:0.000009s ]
INFO: [ app_init ] --END-- [ RunTime:0.000223s ]

[ 2016-04-17T14:21:47+08:00 ] ::1 /graduationproject/index.php/home/articles/index.html
INFO: [ app_init ] --START--
INFO: Run Behavior\BuildLiteBehavior [ RunTime:0.000008s ]
INFO: [ app_init ] --END-- [ RunTime:0.000219s ]

[ 2016-04-17T14:21:47+08:00 ] ::1 /graduationproject/index.php/home/books/donatebooks.html
INFO: [ app_init ] --START--
INFO: Run Behavior\BuildLiteBehavior [ RunTime:0.000017s ]
INFO: [ app_init ] --END-- [ RunTime:0.000430s ]

[ 2016-04-17T14:21:49+08:00 ] ::1 /graduationproject/index.php/home/articles/writearticle.html
INFO: [ app_init ] --START--
INFO: Run Behavior\BuildLiteBehavior [ RunTime:0.000015s ]
INFO: [ app_init ] --END-- [ RunTime:0.000372s ]

[ 2016-04-17T14:21:50+08:00 ] ::1 /graduationproject/index.php/home/nation/index.html
INFO: [ app_init ] --START--
INFO: Run Behavior\BuildLiteBehavior [ RunTime:0.000006s ]
INFO: [ app_init ] --END-- [ RunTime:0.000181s ]

[ 2016-04-17T14:21:52+08:00 ] ::1 /graduationproject/index.php/home/articles/index.html
INFO: [ app_init ] --START--
INFO: Run Behavior\BuildLiteBehavior [ RunTime:0.000006s ]
INFO: [ app_init ] --END-- [ RunTime:0.000183s ]

[ 2016-04-17T14:21:56+08:00 ] ::1 /graduationproject/index.php/home/articles/articledetail/id/14.html
INFO: [ app_init ] --START--
INFO: Run Behavior\BuildLiteBehavior [ RunTime:0.000009s ]
INFO: [ app_init ] --END-- [ RunTime:0.000235s ]

[ 2016-04-17T14:21:59+08:00 ] ::1 /graduationproject/index.php/home/articles/index.html
INFO: [ app_init ] --START--
INFO: Run Behavior\BuildLiteBehavior [ RunTime:0.000013s ]
INFO: [ app_init ] --END-- [ RunTime:0.000499s ]

[ 2016-04-17T14:22:01+08:00 ] ::1 /graduationproject/index.php/home/articles/articledetail/id/12.html
INFO: [ app_init ] --START--
INFO: Run Behavior\BuildLiteBehavior [ RunTime:0.000008s ]
INFO: [ app_init ] --END-- [ RunTime:0.000255s ]

[ 2016-04-17T14:22:08+08:00 ] ::1 /graduationproject/index.php/home/articles/index.html
INFO: [ app_init ] --START--
INFO: Run Behavior\BuildLiteBehavior [ RunTime:0.000015s ]
INFO: [ app_init ] --END-- [ RunTime:0.000417s ]

[ 2016-04-17T14:22:14+08:00 ] ::1 /graduationproject/index.php/home/nation/index.html
INFO: [ app_init ] --START--
INFO: Run Behavior\BuildLiteBehavior [ RunTime:0.000009s ]
INFO: [ app_init ] --END-- [ RunTime:0.000244s ]

[ 2016-04-17T14:22:18+08:00 ] ::1 /graduationproject/index.php/home/nation/index.html
INFO: [ app_init ] --START--
INFO: Run Behavior\BuildLiteBehavior [ RunTime:0.000011s ]
INFO: [ app_init ] --END-- [ RunTime:0.000302s ]

[ 2016-04-17T14:22:22+08:00 ] ::1 /graduationproject/index.php/home/articles/writearticle.html
INFO: [ app_init ] --START--
INFO: Run Behavior\BuildLiteBehavior [ RunTime:0.000007s ]
INFO: [ app_init ] --END-- [ RunTime:0.000182s ]

[ 2016-04-17T14:22:22+08:00 ] ::1 /graduationproject/index.php/home/books/donatebooks.html
INFO: [ app_init ] --START--
INFO: Run Behavior\BuildLiteBehavior [ RunTime:0.000009s ]
INFO: [ app_init ] --END-- [ RunTime:0.000337s ]

[ 2016-04-17T14:22:24+08:00 ] ::1 /graduationproject/index.php/home/books/donatebooks/id/11.html
INFO: [ app_init ] --START--
INFO: Run Behavior\BuildLiteBehavior [ RunTime:0.000007s ]
INFO: [ app_init ] --END-- [ RunTime:0.000211s ]

[ 2016-04-17T14:22:27+08:00 ] ::1 /graduationproject/index.php/home/nation/index.html
INFO: [ app_init ] --START--
INFO: Run Behavior\BuildLiteBehavior [ RunTime:0.000013s ]
INFO: [ app_init ] --END-- [ RunTime:0.000372s ]

[ 2016-04-17T14:22:28+08:00 ] ::1 /graduationproject/index.php/home/login/logout.html
INFO: [ app_init ] --START--
INFO: Run Behavior\BuildLiteBehavior [ RunTime:0.000012s ]
INFO: [ app_init ] --END-- [ RunTime:0.000376s ]
INFO: [ app_begin ] --START--
INFO: Run Behavior\ReadHtmlCacheBehavior [ RunTime:0.000483s ]
INFO: [ app_begin ] --END-- [ RunTime:0.000526s ]
SQL: SELECT COUNT(*) AS tp_count FROM `gt_mail` WHERE `toid` = 1035 AND `status` = 0 LIMIT 1   [ RunTime:0.0003s ]
SQL: SELECT `id`,`name`,`email`,`selfintroduction`,`headerimage`,`gender`,`credit`,`star`,`lat`,`lng`,`address`,`books`,`articles` FROM `gt_user` WHERE `id` = 1035 AND `status` = 1 LIMIT 1   [ RunTime:0.0004s ]

[ 2016-04-17T14:22:28+08:00 ] ::1 /graduationproject/index.php/home/nation/index.html
INFO: [ app_init ] --START--
INFO: Run Behavior\BuildLiteBehavior [ RunTime:0.000012s ]
INFO: [ app_init ] --END-- [ RunTime:0.000272s ]
INFO: [ app_begin ] --START--
INFO: Run Behavior\ReadHtmlCacheBehavior [ RunTime:0.000246s ]
INFO: [ app_begin ] --END-- [ RunTime:0.000268s ]
SQL: SELECT `id`,`name`,`email`,`selfintroduction`,`headerimage`,`gender`,`credit`,`star`,`lat`,`lng`,`address`,`books`,`articles` FROM `gt_user` WHERE `id` = null AND `status` = 1 LIMIT 1   [ RunTime:0.0002s ]
SQL: SELECT `id`,`title`,`cover`,`author`,`content`,`type`,`status`,`lat`,`lng` FROM `gt_user_books` WHERE `status` = 1 AND ( `lat` > 39.97376107745 AND `lat` < 40.009702036338  ) AND ( `lng` > 116.32063513807 AND `lng` < 116.36754704763  ) ORDER BY ctime desc  [ RunTime:0.0003s ]
INFO: [ view_parse ] --START--
INFO: [ template_filter ] --START--
INFO: Run Behavior\ContentReplaceBehavior [ RunTime:0.000065s ]
INFO: [ template_filter ] --END-- [ RunTime:0.000086s ]
INFO: Run Behavior\ParseTemplateBehavior [ RunTime:0.004573s ]
INFO: [ view_parse ] --END-- [ RunTime:0.004594s ]
INFO: [ view_filter ] --START--
INFO: Run Behavior\WriteHtmlCacheBehavior [ RunTime:0.000098s ]
INFO: [ view_filter ] --END-- [ RunTime:0.000112s ]
INFO: [ app_end ] --START--
INFO: Run Behavior\ShowPageTraceBehavior [ RunTime:0.000427s ]
INFO: [ app_end ] --END-- [ RunTime:0.000453s ]

[ 2016-04-17T14:22:28+08:00 ] ::1 /graduationproject/index.php/home/user/mymailbox.html
INFO: [ app_init ] --START--
INFO: Run Behavior\BuildLiteBehavior [ RunTime:0.000006s ]
INFO: [ app_init ] --END-- [ RunTime:0.000179s ]

[ 2016-04-17T14:22:28+08:00 ] ::1 /graduationproject/index.php/home/login/login.html
INFO: [ app_init ] --START--
INFO: Run Behavior\BuildLiteBehavior [ RunTime:0.000006s ]
INFO: [ app_init ] --END-- [ RunTime:0.000181s ]

[ 2016-04-17T14:22:33+08:00 ] ::1 /graduationproject/index.php/home/nation/index.html
INFO: [ app_init ] --START--
INFO: Run Behavior\BuildLiteBehavior [ RunTime:0.000010s ]
INFO: [ app_init ] --END-- [ RunTime:0.000298s ]

[ 2016-04-17T14:22:35+08:00 ] ::1 /graduationproject/index.php/home/nation/index.html
INFO: [ app_init ] --START--
INFO: Run Behavior\BuildLiteBehavior [ RunTime:0.000013s ]
INFO: [ app_init ] --END-- [ RunTime:0.000377s ]

[ 2016-04-17T14:24:51+08:00 ] ::1 /graduationproject/index.php/home/articles/index.html
INFO: [ app_init ] --START--
INFO: Run Behavior\BuildLiteBehavior [ RunTime:0.000006s ]
INFO: [ app_init ] --END-- [ RunTime:0.000191s ]

[ 2016-04-17T14:24:54+08:00 ] ::1 /graduationproject/index.php/home/articles/index.html
INFO: [ app_init ] --START--
INFO: Run Behavior\BuildLiteBehavior [ RunTime:0.000011s ]
INFO: [ app_init ] --END-- [ RunTime:0.000376s ]

[ 2016-04-17T14:24:58+08:00 ] ::1 /graduationproject/index.php/home/nation/index.html
INFO: [ app_init ] --START--
INFO: Run Behavior\BuildLiteBehavior [ RunTime:0.000011s ]
INFO: [ app_init ] --END-- [ RunTime:0.000300s ]

[ 2016-04-17T14:25:12+08:00 ] ::1 /graduationproject/index.php/home/nation/index.html
INFO: [ app_init ] --START--
INFO: Run Behavior\BuildLiteBehavior [ RunTime:0.000007s ]
INFO: [ app_init ] --END-- [ RunTime:0.000202s ]

[ 2016-04-17T15:09:36+08:00 ] ::1 /graduationproject/index.php/home/nation/index.html
INFO: [ app_init ] --START--
INFO: Run Behavior\BuildLiteBehavior [ RunTime:0.000018s ]
INFO: [ app_init ] --END-- [ RunTime:0.003887s ]

[ 2016-04-17T15:09:53+08:00 ] ::1 /graduationproject/index.php/home/nation/index.html
INFO: [ app_init ] --START--
INFO: Run Behavior\BuildLiteBehavior [ RunTime:0.000017s ]
INFO: [ app_init ] --END-- [ RunTime:0.000889s ]

[ 2016-04-17T15:09:58+08:00 ] ::1 /graduationproject/index.php/home/login/login.html
INFO: [ app_init ] --START--
INFO: Run Behavior\BuildLiteBehavior [ RunTime:0.000013s ]
INFO: [ app_init ] --END-- [ RunTime:0.000479s ]

[ 2016-04-17T15:13:53+08:00 ] ::1 /graduationproject/index.php/home/nation/index.html
INFO: [ app_init ] --START--
INFO: Run Behavior\BuildLiteBehavior [ RunTime:0.000017s ]
INFO: [ app_init ] --END-- [ RunTime:0.003997s ]

[ 2016-04-17T15:13:56+08:00 ] ::1 /graduationproject/index.php/home/nation/index.html
INFO: [ app_init ] --START--
INFO: Run Behavior\BuildLiteBehavior [ RunTime:0.000008s ]
INFO: [ app_init ] --END-- [ RunTime:0.000243s ]

[ 2016-04-17T15:13:59+08:00 ] ::1 /graduationproject/index.php/home/articles/index.html
INFO: [ app_init ] --START--
INFO: Run Behavior\BuildLiteBehavior [ RunTime:0.000009s ]
INFO: [ app_init ] --END-- [ RunTime:0.000300s ]

[ 2016-04-17T15:14:12+08:00 ] ::1 /graduationproject/index.php/home/nation/index.html
INFO: [ app_init ] --START--
INFO: Run Behavior\BuildLiteBehavior [ RunTime:0.000006s ]
INFO: [ app_init ] --END-- [ RunTime:0.000189s ]

[ 2016-04-17T15:14:19+08:00 ] ::1 /graduationproject/index.php/home/nation/index.html
INFO: [ app_init ] --START--
INFO: Run Behavior\BuildLiteBehavior [ RunTime:0.000012s ]
INFO: [ app_init ] --END-- [ RunTime:0.000322s ]

[ 2016-04-17T15:14:21+08:00 ] ::1 /graduationproject/index.php/home/login/login.html
INFO: [ app_init ] --START--
INFO: Run Behavior\BuildLiteBehavior [ RunTime:0.000008s ]
INFO: [ app_init ] --END-- [ RunTime:0.000208s ]

[ 2016-04-17T15:14:52+08:00 ] ::1 /graduationproject/index.php/home/login/dosignup.html
INFO: [ app_init ] --START--
INFO: Run Behavior\BuildLiteBehavior [ RunTime:0.000017s ]
INFO: [ app_init ] --END-- [ RunTime:0.003897s ]
INFO: [ app_begin ] --START--
INFO: Run Behavior\ReadHtmlCacheBehavior [ RunTime:0.003654s ]
INFO: [ app_begin ] --END-- [ RunTime:0.003722s ]
SQL: SELECT `id`,`name`,`email`,`selfintroduction`,`headerimage`,`gender`,`credit`,`star`,`lat`,`lng`,`address`,`books`,`articles` FROM `gt_user` WHERE `id` = null AND `status` = 1 LIMIT 1   [ RunTime:0.0003s ]
SQL: SELECT * FROM `gt_login` WHERE `account` = 'kemosabe2013@163.com' AND `status` = 1 LIMIT 1   [ RunTime:0.0036s ]

[ 2016-04-17T15:15:12+08:00 ] ::1 /graduationproject/index.php/home/login/forgot.html
INFO: [ app_init ] --START--
INFO: Run Behavior\BuildLiteBehavior [ RunTime:0.000007s ]
INFO: [ app_init ] --END-- [ RunTime:0.000204s ]

[ 2016-04-17T15:15:21+08:00 ] ::1 /graduationproject/index.php/home/login/sentchangepasswordcode.html
INFO: [ app_init ] --START--
INFO: Run Behavior\BuildLiteBehavior [ RunTime:0.000010s ]
INFO: [ app_init ] --END-- [ RunTime:0.000249s ]
INFO: [ app_begin ] --START--
INFO: Run Behavior\ReadHtmlCacheBehavior [ RunTime:0.000335s ]
INFO: [ app_begin ] --END-- [ RunTime:0.000405s ]
SQL: SELECT `id`,`name`,`email`,`selfintroduction`,`headerimage`,`gender`,`credit`,`star`,`lat`,`lng`,`address`,`books`,`articles` FROM `gt_user` WHERE `id` = null AND `status` = 1 LIMIT 1   [ RunTime:0.0002s ]
SQL: SELECT `id`,`account`,`userid`,`username`,`password` FROM `gt_login` WHERE `account` = 'kemosabe2013@163.com' AND `status` = 1 LIMIT 1   [ RunTime:0.0003s ]
SQL: SHOW COLUMNS FROM `gt_changecode` [ RunTime:0.0128s ]
SQL: DELETE FROM `gt_changecode` WHERE ( account = "kemosabe2013@163.com" ) [ RunTime:0.0038s ]
NOTIC: [8] Undefined index: validate /Applications/XAMPP/xamppfiles/htdocs/graduationProject/ThinkPHP/Library/Think/Model.class.php 第 1185 行.
NOTIC: [8] Undefined index: auto /Applications/XAMPP/xamppfiles/htdocs/graduationProject/ThinkPHP/Library/Think/Model.class.php 第 1128 行.
SQL: INSERT INTO `gt_changecode` (`account`,`code`) VALUES ('kemosabe2013@163.com','922d4d1a27a47d0103c743a7ca9ecaf3') [ RunTime:0.0075s ]

[ 2016-04-17T15:16:20+08:00 ] ::1 /graduationproject/index.php/home/login/changpasswordbyforgot.html
INFO: [ app_init ] --START--
INFO: Run Behavior\BuildLiteBehavior [ RunTime:0.000017s ]
INFO: [ app_init ] --END-- [ RunTime:0.000669s ]
INFO: [ app_begin ] --START--
INFO: Run Behavior\ReadHtmlCacheBehavior [ RunTime:0.003561s ]
INFO: [ app_begin ] --END-- [ RunTime:0.003608s ]
SQL: SELECT `id`,`name`,`email`,`selfintroduction`,`headerimage`,`gender`,`credit`,`star`,`lat`,`lng`,`address`,`books`,`articles` FROM `gt_user` WHERE `id` = null AND `status` = 1 LIMIT 1   [ RunTime:0.0004s ]
SQL: SELECT * FROM `gt_login` WHERE `account` = 'kemosabe2013@163.com' AND `status` = 1 LIMIT 1   [ RunTime:0.0006s ]
SQL: SELECT * FROM `gt_changecode` WHERE `account` = 'kemosabe2013@163.com' LIMIT 1   [ RunTime:0.0004s ]
SQL: UPDATE `gt_login` SET `password`='e10adc3949ba59abbe56e057f20f883e' WHERE `id` = 27 AND `status` = 1 [ RunTime:0.0016s ]

[ 2016-04-17T15:16:24+08:00 ] ::1 /graduationproject/index.php/home/login/login.html
INFO: [ app_init ] --START--
INFO: Run Behavior\BuildLiteBehavior [ RunTime:0.000013s ]
INFO: [ app_init ] --END-- [ RunTime:0.000418s ]

[ 2016-04-17T15:17:02+08:00 ] ::1 /graduationproject/index.php/home/login/trylogin.html
INFO: [ app_init ] --START--
INFO: Run Behavior\BuildLiteBehavior [ RunTime:0.000012s ]
INFO: [ app_init ] --END-- [ RunTime:0.000485s ]
INFO: [ app_begin ] --START--
INFO: Run Behavior\ReadHtmlCacheBehavior [ RunTime:0.000677s ]
INFO: [ app_begin ] --END-- [ RunTime:0.000742s ]
SQL: SELECT `id`,`name`,`email`,`selfintroduction`,`headerimage`,`gender`,`credit`,`star`,`lat`,`lng`,`address`,`books`,`articles` FROM `gt_user` WHERE `id` = null AND `status` = 1 LIMIT 1   [ RunTime:0.0002s ]
SQL: SELECT `id`,`account`,`userid`,`username`,`password` FROM `gt_login` WHERE `account` = 'kemosabe2013@163.com' AND `status` = 1 LIMIT 1   [ RunTime:0.0036s ]

[ 2016-04-17T15:17:05+08:00 ] ::1 /graduationproject/index.php/home/nation/index.html
INFO: [ app_init ] --START--
INFO: Run Behavior\BuildLiteBehavior [ RunTime:0.000009s ]
INFO: [ app_init ] --END-- [ RunTime:0.000266s ]

[ 2016-04-17T15:19:51+08:00 ] ::1 /graduationproject/index.php/home/img/imageUpload.html
INFO: [ app_init ] --START--
INFO: Run Behavior\BuildLiteBehavior [ RunTime:0.000016s ]
INFO: [ app_init ] --END-- [ RunTime:0.003878s ]

[ 2016-04-17T15:19:51+08:00 ] ::1 /graduationproject/index.php/home/login/login.html
INFO: [ app_init ] --START--
INFO: Run Behavior\BuildLiteBehavior [ RunTime:0.000014s ]
INFO: [ app_init ] --END-- [ RunTime:0.000466s ]

[ 2016-04-17T15:19:55+08:00 ] ::1 /graduationproject/index.php/home/login/trylogin.html
INFO: [ app_init ] --START--
INFO: Run Behavior\BuildLiteBehavior [ RunTime:0.000006s ]
INFO: [ app_init ] --END-- [ RunTime:0.000181s ]
INFO: [ app_begin ] --START--
INFO: Run Behavior\ReadHtmlCacheBehavior [ RunTime:0.000241s ]
INFO: [ app_begin ] --END-- [ RunTime:0.000274s ]
SQL: SELECT `id`,`name`,`email`,`selfintroduction`,`headerimage`,`gender`,`credit`,`star`,`lat`,`lng`,`address`,`books`,`articles` FROM `gt_user` WHERE `id` = null AND `status` = 1 LIMIT 1   [ RunTime:0.0002s ]
NOTIC: [8] Undefined index: lat /Applications/XAMPP/xamppfiles/htdocs/graduationProject/Application/Home/Controller/LoginController.class.php 第 19 行.
NOTIC: [8] Undefined index: lng /Applications/XAMPP/xamppfiles/htdocs/graduationProject/Application/Home/Controller/LoginController.class.php 第 20 行.
SQL: SELECT `id`,`account`,`userid`,`username`,`password` FROM `gt_login` WHERE `account` = 'sam@163.com' AND `status` = 1 LIMIT 1   [ RunTime:0.0036s ]

[ 2016-04-17T15:19:55+08:00 ] ::1 /graduationproject/index.php/home/nation/index.html
INFO: [ app_init ] --START--
INFO: Run Behavior\BuildLiteBehavior [ RunTime:0.000006s ]
INFO: [ app_init ] --END-- [ RunTime:0.000180s ]

[ 2016-04-17T15:19:57+08:00 ] ::1 /graduationproject/index.php/home/nation/index.html
INFO: [ app_init ] --START--
INFO: Run Behavior\BuildLiteBehavior [ RunTime:0.000006s ]
INFO: [ app_init ] --END-- [ RunTime:0.000206s ]

[ 2016-04-17T15:20:12+08:00 ] ::1 /graduationproject/index.php/home/nation/index.html
INFO: [ app_init ] --START--
INFO: Run Behavior\BuildLiteBehavior [ RunTime:0.000014s ]
INFO: [ app_init ] --END-- [ RunTime:0.000634s ]

[ 2016-04-17T15:20:18+08:00 ] ::1 /graduationproject/index.php/home/articles/index.html
INFO: [ app_init ] --START--
INFO: Run Behavior\BuildLiteBehavior [ RunTime:0.000007s ]
INFO: [ app_init ] --END-- [ RunTime:0.000216s ]

[ 2016-04-17T15:20:27+08:00 ] ::1 /graduationproject/index.php/home/nation/index.html
INFO: [ app_init ] --START--
INFO: Run Behavior\BuildLiteBehavior [ RunTime:0.000006s ]
INFO: [ app_init ] --END-- [ RunTime:0.000202s ]

[ 2016-04-17T15:20:30+08:00 ] ::1 /graduationproject/index.php/home/books/detail/id/9.html
INFO: [ app_init ] --START--
INFO: Run Behavior\BuildLiteBehavior [ RunTime:0.000008s ]
INFO: [ app_init ] --END-- [ RunTime:0.000193s ]

[ 2016-04-17T15:20:40+08:00 ] ::1 /graduationproject/index.php/home/nation/index.html
INFO: [ app_init ] --START--
INFO: Run Behavior\BuildLiteBehavior [ RunTime:0.000007s ]
INFO: [ app_init ] --END-- [ RunTime:0.000213s ]

[ 2016-04-17T15:20:49+08:00 ] ::1 /graduationproject/index.php/home/books/detail/id/13.html
INFO: [ app_init ] --START--
INFO: Run Behavior\BuildLiteBehavior [ RunTime:0.000009s ]
INFO: [ app_init ] --END-- [ RunTime:0.000248s ]

[ 2016-04-17T15:21:00+08:00 ] ::1 /graduationproject/index.php/home/user/user/userid/1035.html
INFO: [ app_init ] --START--
INFO: Run Behavior\BuildLiteBehavior [ RunTime:0.000010s ]
INFO: [ app_init ] --END-- [ RunTime:0.000268s ]

[ 2016-04-17T15:21:00+08:00 ] ::1 /graduationproject/index.php/home/user/myspace/userid/1035.html
INFO: [ app_init ] --START--
INFO: Run Behavior\BuildLiteBehavior [ RunTime:0.000007s ]
INFO: [ app_init ] --END-- [ RunTime:0.000187s ]

[ 2016-04-17T15:21:26+08:00 ] ::1 /graduationproject/index.php/home/message/booksmail.html
INFO: [ app_init ] --START--
INFO: Run Behavior\BuildLiteBehavior [ RunTime:0.000024s ]
INFO: [ app_init ] --END-- [ RunTime:0.003879s ]
INFO: [ app_begin ] --START--
INFO: Run Behavior\ReadHtmlCacheBehavior [ RunTime:0.002970s ]
INFO: [ app_begin ] --END-- [ RunTime:0.003048s ]
SQL: SELECT COUNT(*) AS tp_count FROM `gt_mail` WHERE `toid` = 1043 AND `status` = 0 LIMIT 1   [ RunTime:0.0004s ]
SQL: SELECT `id`,`name`,`email`,`selfintroduction`,`headerimage`,`gender`,`credit`,`star`,`lat`,`lng`,`address`,`books`,`articles` FROM `gt_user` WHERE `id` = 1043 AND `status` = 1 LIMIT 1   [ RunTime:0.0005s ]
NOTIC: [8] Undefined index: validate /Applications/XAMPP/xamppfiles/htdocs/graduationProject/ThinkPHP/Library/Think/Model.class.php 第 1185 行.
NOTIC: [8] Undefined index: auto /Applications/XAMPP/xamppfiles/htdocs/graduationProject/ThinkPHP/Library/Think/Model.class.php 第 1128 行.
SQL: INSERT INTO `gt_mail` (`fromid`,`toid`,`content`,`fromname`) VALUES ('1043','1035','可以借本书吗','kemo') [ RunTime:0.0029s ]

[ 2016-04-17T15:21:31+08:00 ] ::1 /graduationproject/index.php/home/user/user/userid/1043.html
INFO: [ app_init ] --START--
INFO: Run Behavior\BuildLiteBehavior [ RunTime:0.000006s ]
INFO: [ app_init ] --END-- [ RunTime:0.000181s ]

[ 2016-04-17T15:21:31+08:00 ] ::1 /graduationproject/index.php/home/user/myspace/userid/1043.html
INFO: [ app_init ] --START--
INFO: Run Behavior\BuildLiteBehavior [ RunTime:0.000007s ]
INFO: [ app_init ] --END-- [ RunTime:0.000210s ]

[ 2016-04-17T15:21:33+08:00 ] ::1 /graduationproject/index.php/home/user/mymailbox.html
INFO: [ app_init ] --START--
INFO: Run Behavior\BuildLiteBehavior [ RunTime:0.000008s ]
INFO: [ app_init ] --END-- [ RunTime:0.000243s ]

[ 2016-04-17T15:21:33+08:00 ] ::1 /graduationproject/index.php/home/message/openmails.html
INFO: [ app_init ] --START--
INFO: Run Behavior\BuildLiteBehavior [ RunTime:0.000009s ]
INFO: [ app_init ] --END-- [ RunTime:0.000333s ]
INFO: [ app_begin ] --START--
INFO: Run Behavior\ReadHtmlCacheBehavior [ RunTime:0.000552s ]
INFO: [ app_begin ] --END-- [ RunTime:0.000607s ]
SQL: SELECT COUNT(*) AS tp_count FROM `gt_mail` WHERE `toid` = 1043 AND `status` = 0 LIMIT 1   [ RunTime:0.0002s ]
SQL: SELECT `id`,`name`,`email`,`selfintroduction`,`headerimage`,`gender`,`credit`,`star`,`lat`,`lng`,`address`,`books`,`articles` FROM `gt_user` WHERE `id` = 1043 AND `status` = 1 LIMIT 1   [ RunTime:0.0002s ]
SQL: UPDATE `gt_mail` SET `status`='1' WHERE `toid` = 1043 AND `status` = 0 [ RunTime:0.0002s ]

[ 2016-04-17T15:21:41+08:00 ] ::1 /graduationproject/index.php/home/user/myspace/userid/1035.html
INFO: [ app_init ] --START--
INFO: Run Behavior\BuildLiteBehavior [ RunTime:0.000009s ]
INFO: [ app_init ] --END-- [ RunTime:0.000246s ]

[ 2016-04-17T15:21:45+08:00 ] ::1 /graduationproject/index.php/home/user/mymailbox.html
INFO: [ app_init ] --START--
INFO: Run Behavior\BuildLiteBehavior [ RunTime:0.000006s ]
INFO: [ app_init ] --END-- [ RunTime:0.000183s ]

[ 2016-04-17T15:21:45+08:00 ] ::1 /graduationproject/index.php/home/message/openmails.html
INFO: [ app_init ] --START--
INFO: Run Behavior\BuildLiteBehavior [ RunTime:0.000032s ]
INFO: [ app_init ] --END-- [ RunTime:0.000365s ]
INFO: [ app_begin ] --START--
INFO: Run Behavior\ReadHtmlCacheBehavior [ RunTime:0.000256s ]
INFO: [ app_begin ] --END-- [ RunTime:0.000279s ]
SQL: SELECT COUNT(*) AS tp_count FROM `gt_mail` WHERE `toid` = 1035 AND `status` = 0 LIMIT 1   [ RunTime:0.0002s ]
SQL: SELECT `id`,`name`,`email`,`selfintroduction`,`headerimage`,`gender`,`credit`,`star`,`lat`,`lng`,`address`,`books`,`articles` FROM `gt_user` WHERE `id` = 1035 AND `status` = 1 LIMIT 1   [ RunTime:0.0002s ]
SQL: UPDATE `gt_mail` SET `status`='1' WHERE `toid` = 1035 AND `status` = 0 [ RunTime:0.0002s ]

[ 2016-04-17T15:21:47+08:00 ] ::1 /graduationproject/index.php/home/user/mymailbox.html
INFO: [ app_init ] --START--
INFO: Run Behavior\BuildLiteBehavior [ RunTime:0.000006s ]
INFO: [ app_init ] --END-- [ RunTime:0.000184s ]

[ 2016-04-17T15:21:47+08:00 ] ::1 /graduationproject/index.php/home/message/openmails.html
INFO: [ app_init ] --START--
INFO: Run Behavior\BuildLiteBehavior [ RunTime:0.000009s ]
INFO: [ app_init ] --END-- [ RunTime:0.000237s ]
INFO: [ app_begin ] --START--
INFO: Run Behavior\ReadHtmlCacheBehavior [ RunTime:0.000376s ]
INFO: [ app_begin ] --END-- [ RunTime:0.000413s ]
SQL: SELECT COUNT(*) AS tp_count FROM `gt_mail` WHERE `toid` = 1035 AND `status` = 0 LIMIT 1   [ RunTime:0.0003s ]
SQL: SELECT `id`,`name`,`email`,`selfintroduction`,`headerimage`,`gender`,`credit`,`star`,`lat`,`lng`,`address`,`books`,`articles` FROM `gt_user` WHERE `id` = 1035 AND `status` = 1 LIMIT 1   [ RunTime:0.0002s ]
SQL: UPDATE `gt_mail` SET `status`='1' WHERE `toid` = 1035 AND `status` = 0 [ RunTime:0.0002s ]

[ 2016-04-17T15:22:01+08:00 ] ::1 /graduationproject/index.php/home/message/booksmail.html
INFO: [ app_init ] --START--
INFO: Run Behavior\BuildLiteBehavior [ RunTime:0.000010s ]
INFO: [ app_init ] --END-- [ RunTime:0.000310s ]
INFO: [ app_begin ] --START--
INFO: Run Behavior\ReadHtmlCacheBehavior [ RunTime:0.000600s ]
INFO: [ app_begin ] --END-- [ RunTime:0.000637s ]
SQL: SELECT COUNT(*) AS tp_count FROM `gt_mail` WHERE `toid` = 1035 AND `status` = 0 LIMIT 1   [ RunTime:0.0002s ]
SQL: SELECT `id`,`name`,`email`,`selfintroduction`,`headerimage`,`gender`,`credit`,`star`,`lat`,`lng`,`address`,`books`,`articles` FROM `gt_user` WHERE `id` = 1035 AND `status` = 1 LIMIT 1   [ RunTime:0.0002s ]
NOTIC: [8] Undefined index: validate /Applications/XAMPP/xamppfiles/htdocs/graduationProject/ThinkPHP/Library/Think/Model.class.php 第 1185 行.
NOTIC: [8] Undefined index: auto /Applications/XAMPP/xamppfiles/htdocs/graduationProject/ThinkPHP/Library/Think/Model.class.php 第 1128 行.
SQL: INSERT INTO `gt_mail` (`fromid`,`toid`,`content`,`fromname`) VALUES ('1035','1043','可以啊','wendi') [ RunTime:0.0002s ]

[ 2016-04-17T15:22:05+08:00 ] ::1 /graduationproject/index.php/home/user/mymailbox.html
INFO: [ app_init ] --START--
INFO: Run Behavior\BuildLiteBehavior [ RunTime:0.000006s ]
INFO: [ app_init ] --END-- [ RunTime:0.000179s ]

[ 2016-04-17T15:22:05+08:00 ] ::1 /graduationproject/index.php/home/message/openmails.html
INFO: [ app_init ] --START--
INFO: Run Behavior\BuildLiteBehavior [ RunTime:0.000010s ]
INFO: [ app_init ] --END-- [ RunTime:0.000247s ]
INFO: [ app_begin ] --START--
INFO: Run Behavior\ReadHtmlCacheBehavior [ RunTime:0.000934s ]
INFO: [ app_begin ] --END-- [ RunTime:0.000989s ]
SQL: SELECT COUNT(*) AS tp_count FROM `gt_mail` WHERE `toid` = 1043 AND `status` = 0 LIMIT 1   [ RunTime:0.0003s ]
SQL: SELECT `id`,`name`,`email`,`selfintroduction`,`headerimage`,`gender`,`credit`,`star`,`lat`,`lng`,`address`,`books`,`articles` FROM `gt_user` WHERE `id` = 1043 AND `status` = 1 LIMIT 1   [ RunTime:0.0006s ]
SQL: UPDATE `gt_mail` SET `status`='1' WHERE `toid` = 1043 AND `status` = 0 [ RunTime:0.0002s ]

[ 2016-04-17T15:22:07+08:00 ] ::1 /graduationproject/index.php/home/user/mymailbox.html
INFO: [ app_init ] --START--
INFO: Run Behavior\BuildLiteBehavior [ RunTime:0.000007s ]
INFO: [ app_init ] --END-- [ RunTime:0.000181s ]

[ 2016-04-17T15:22:07+08:00 ] ::1 /graduationproject/index.php/home/message/openmails.html
INFO: [ app_init ] --START--
INFO: Run Behavior\BuildLiteBehavior [ RunTime:0.000012s ]
INFO: [ app_init ] --END-- [ RunTime:0.000303s ]
INFO: [ app_begin ] --START--
INFO: Run Behavior\ReadHtmlCacheBehavior [ RunTime:0.000643s ]
INFO: [ app_begin ] --END-- [ RunTime:0.000733s ]
SQL: SELECT COUNT(*) AS tp_count FROM `gt_mail` WHERE `toid` = 1043 AND `status` = 0 LIMIT 1   [ RunTime:0.0002s ]
SQL: SELECT `id`,`name`,`email`,`selfintroduction`,`headerimage`,`gender`,`credit`,`star`,`lat`,`lng`,`address`,`books`,`articles` FROM `gt_user` WHERE `id` = 1043 AND `status` = 1 LIMIT 1   [ RunTime:0.0002s ]
SQL: UPDATE `gt_mail` SET `status`='1' WHERE `toid` = 1043 AND `status` = 0 [ RunTime:0.0002s ]

[ 2016-04-17T15:22:20+08:00 ] ::1 /graduationproject/index.php/home/articles/index.html
INFO: [ app_init ] --START--
INFO: Run Behavior\BuildLiteBehavior [ RunTime:0.000006s ]
INFO: [ app_init ] --END-- [ RunTime:0.000191s ]

[ 2016-04-17T15:22:21+08:00 ] ::1 /graduationproject/index.php/home/articles/writearticle.html
INFO: [ app_init ] --START--
INFO: Run Behavior\BuildLiteBehavior [ RunTime:0.000008s ]
INFO: [ app_init ] --END-- [ RunTime:0.000244s ]

[ 2016-04-17T15:22:29+08:00 ] ::1 /graduationproject/index.php/home/articles/savearticle.html
INFO: [ app_init ] --START--
INFO: Run Behavior\BuildLiteBehavior [ RunTime:0.000007s ]
INFO: [ app_init ] --END-- [ RunTime:0.000190s ]
INFO: [ app_begin ] --START--
INFO: Run Behavior\ReadHtmlCacheBehavior [ RunTime:0.000278s ]
INFO: [ app_begin ] --END-- [ RunTime:0.000302s ]
SQL: SELECT COUNT(*) AS tp_count FROM `gt_mail` WHERE `toid` = 1043 AND `status` = 0 LIMIT 1   [ RunTime:0.0022s ]
SQL: SELECT `id`,`name`,`email`,`selfintroduction`,`headerimage`,`gender`,`credit`,`star`,`lat`,`lng`,`address`,`books`,`articles` FROM `gt_user` WHERE `id` = 1043 AND `status` = 1 LIMIT 1   [ RunTime:0.0003s ]
NOTIC: [2] Missing argument 2 for Home\Model\UserArticleModel::getArticleById(), called in /Applications/XAMPP/xamppfiles/htdocs/graduationProject/Application/Home/Controller/ArticlesController.class.php on line 82 and defined /Applications/XAMPP/xamppfiles/htdocs/graduationProject/Application/Home/Model/UserArticleModel.class.php 第 25 行.
NOTIC: [8] Undefined index: validate /Applications/XAMPP/xamppfiles/htdocs/graduationProject/ThinkPHP/Library/Think/Model.class.php 第 1185 行.
NOTIC: [8] Undefined index: auto /Applications/XAMPP/xamppfiles/htdocs/graduationProject/ThinkPHP/Library/Think/Model.class.php 第 1128 行.
SQL: INSERT INTO `gt_user_article` (`title`,`content`,`userid`,`lat`,`lng`,`status`) VALUES ('121','<p>12312</p>','1043','39.989860096342','116.34442822672','0') [ RunTime:0.0032s ]

[ 2016-04-17T15:22:29+08:00 ] ::1 /graduationproject/index.php/home/articles/writearticle.html
INFO: [ app_init ] --START--
INFO: Run Behavior\BuildLiteBehavior [ RunTime:0.000006s ]
INFO: [ app_init ] --END-- [ RunTime:0.000179s ]

[ 2016-04-17T15:22:34+08:00 ] ::1 /graduationproject/index.php/home/articles/index.html
INFO: [ app_init ] --START--
INFO: Run Behavior\BuildLiteBehavior [ RunTime:0.000006s ]
INFO: [ app_init ] --END-- [ RunTime:0.000184s ]

[ 2016-04-17T15:22:36+08:00 ] ::1 /graduationproject/index.php/home/articles/writearticle.html
INFO: [ app_init ] --START--
INFO: Run Behavior\BuildLiteBehavior [ RunTime:0.000007s ]
INFO: [ app_init ] --END-- [ RunTime:0.000183s ]

[ 2016-04-17T15:22:37+08:00 ] ::1 /graduationproject/index.php/home/articles/writearticle/id/16.html
INFO: [ app_init ] --START--
INFO: Run Behavior\BuildLiteBehavior [ RunTime:0.000013s ]
INFO: [ app_init ] --END-- [ RunTime:0.000373s ]

[ 2016-04-17T15:22:39+08:00 ] ::1 /graduationproject/index.php/home/articles/savearticle.html
INFO: [ app_init ] --START--
INFO: Run Behavior\BuildLiteBehavior [ RunTime:0.000007s ]
INFO: [ app_init ] --END-- [ RunTime:0.000184s ]
INFO: [ app_begin ] --START--
INFO: Run Behavior\ReadHtmlCacheBehavior [ RunTime:0.000228s ]
INFO: [ app_begin ] --END-- [ RunTime:0.000251s ]
SQL: SELECT COUNT(*) AS tp_count FROM `gt_mail` WHERE `toid` = 1043 AND `status` = 0 LIMIT 1   [ RunTime:0.0003s ]
SQL: SELECT `id`,`name`,`email`,`selfintroduction`,`headerimage`,`gender`,`credit`,`star`,`lat`,`lng`,`address`,`books`,`articles` FROM `gt_user` WHERE `id` = 1043 AND `status` = 1 LIMIT 1   [ RunTime:0.0003s ]
NOTIC: [2] Missing argument 2 for Home\Model\UserArticleModel::getArticleById(), called in /Applications/XAMPP/xamppfiles/htdocs/graduationProject/Application/Home/Controller/ArticlesController.class.php on line 82 and defined /Applications/XAMPP/xamppfiles/htdocs/graduationProject/Application/Home/Model/UserArticleModel.class.php 第 25 行.
SQL: SELECT `id`,`userid`,`title`,`content`,`ctime`,`mtime`,`status`,`lat`,`lng`,`address` FROM `gt_user_article` WHERE `id` = 16 LIMIT 1   [ RunTime:0.0002s ]
SQL: UPDATE `gt_user_article` SET `title`='121',`content`='<p>12312</p>',`userid`='1043',`lat`='39.989860096342',`lng`='116.34442822672',`status`='1' WHERE ( id=16 ) [ RunTime:0.0002s ]

[ 2016-04-17T15:22:39+08:00 ] ::1 /graduationproject/index.php/home/articles/articledetail/id/16.html
INFO: [ app_init ] --START--
INFO: Run Behavior\BuildLiteBehavior [ RunTime:0.000008s ]
INFO: [ app_init ] --END-- [ RunTime:0.000192s ]

[ 2016-04-17T15:22:43+08:00 ] ::1 /graduationproject/index.php/home/articles/index.html
INFO: [ app_init ] --START--
INFO: Run Behavior\BuildLiteBehavior [ RunTime:0.000007s ]
INFO: [ app_init ] --END-- [ RunTime:0.000231s ]

[ 2016-04-17T15:22:47+08:00 ] ::1 /graduationproject/index.php/home/books/donatebooks.html
INFO: [ app_init ] --START--
INFO: Run Behavior\BuildLiteBehavior [ RunTime:0.000048s ]
INFO: [ app_init ] --END-- [ RunTime:0.000260s ]

[ 2016-04-17T15:22:53+08:00 ] ::1 /graduationproject/index.php/home/img/getimg.html
INFO: [ app_init ] --START--
INFO: Run Behavior\BuildLiteBehavior [ RunTime:0.000006s ]
INFO: [ app_init ] --END-- [ RunTime:0.000205s ]

[ 2016-04-17T15:22:57+08:00 ] ::1 /graduationproject/index.php/home/img/savecropimg.html
INFO: [ app_init ] --START--
INFO: Run Behavior\BuildLiteBehavior [ RunTime:0.000007s ]
INFO: [ app_init ] --END-- [ RunTime:0.000205s ]
INFO: [ app_begin ] --START--
INFO: Run Behavior\ReadHtmlCacheBehavior [ RunTime:0.000244s ]
INFO: [ app_begin ] --END-- [ RunTime:0.000265s ]
SQL: SELECT COUNT(*) AS tp_count FROM `gt_mail` WHERE `toid` = 1043 AND `status` = 0 LIMIT 1   [ RunTime:0.0002s ]
SQL: SELECT `id`,`name`,`email`,`selfintroduction`,`headerimage`,`gender`,`credit`,`star`,`lat`,`lng`,`address`,`books`,`articles` FROM `gt_user` WHERE `id` = 1043 AND `status` = 1 LIMIT 1   [ RunTime:0.0002s ]
NOTIC: [8] Undefined index: Y /Applications/XAMPP/xamppfiles/htdocs/graduationProject/Application/Home/Controller/ImgController.class.php 第 111 行.
NOTIC: [8] Only variables should be passed by reference /Applications/XAMPP/xamppfiles/htdocs/graduationProject/ThinkPHP/Library/Org/Net/JcropImage.class.php 第 43 行.

[ 2016-04-17T15:23:06+08:00 ] ::1 /graduationproject/index.php/home/books/publicbook.html
INFO: [ app_init ] --START--
INFO: Run Behavior\BuildLiteBehavior [ RunTime:0.000005s ]
INFO: [ app_init ] --END-- [ RunTime:0.000185s ]
INFO: [ app_begin ] --START--
INFO: Run Behavior\ReadHtmlCacheBehavior [ RunTime:0.000317s ]
INFO: [ app_begin ] --END-- [ RunTime:0.000345s ]
SQL: SELECT COUNT(*) AS tp_count FROM `gt_mail` WHERE `toid` = 1043 AND `status` = 0 LIMIT 1   [ RunTime:0.0023s ]
SQL: SELECT `id`,`name`,`email`,`selfintroduction`,`headerimage`,`gender`,`credit`,`star`,`lat`,`lng`,`address`,`books`,`articles` FROM `gt_user` WHERE `id` = 1043 AND `status` = 1 LIMIT 1   [ RunTime:0.0006s ]
NOTIC: [8] Undefined index: validate /Applications/XAMPP/xamppfiles/htdocs/graduationProject/ThinkPHP/Library/Think/Model.class.php 第 1185 行.
NOTIC: [8] Undefined index: auto /Applications/XAMPP/xamppfiles/htdocs/graduationProject/ThinkPHP/Library/Think/Model.class.php 第 1128 行.
SQL: INSERT INTO `gt_user_books` (`title`,`author`,`type`,`userid`,`lat`,`lng`,`content`,`cover`) VALUES ('123','123','6','1043','39.989860096342','116.34442822672','a:2:{s:12:\"introduction\";s:4:\"1123\";s:9:\"mycomment\";s:3:\"123\";}','1460877777.jpg') [ RunTime:0.0039s ]

[ 2016-04-17T15:23:06+08:00 ] ::1 /graduationproject/index.php/home/books/donatebooks.html
INFO: [ app_init ] --START--
INFO: Run Behavior\BuildLiteBehavior [ RunTime:0.000008s ]
INFO: [ app_init ] --END-- [ RunTime:0.000208s ]

[ 2016-04-17T15:23:08+08:00 ] ::1 /graduationproject/index.php/home/books/donatebooks/id/14.html
INFO: [ app_init ] --START--
INFO: Run Behavior\BuildLiteBehavior [ RunTime:0.000008s ]
INFO: [ app_init ] --END-- [ RunTime:0.000209s ]

[ 2016-04-17T15:23:27+08:00 ] ::1 /graduationproject/index.php/home/nation/index.html
INFO: [ app_init ] --START--
INFO: Run Behavior\BuildLiteBehavior [ RunTime:0.000007s ]
INFO: [ app_init ] --END-- [ RunTime:0.000190s ]

[ 2016-04-17T15:23:31+08:00 ] ::1 /graduationproject/index.php/home/user/user/userid/1043.html
INFO: [ app_init ] --START--
INFO: Run Behavior\BuildLiteBehavior [ RunTime:0.000020s ]
INFO: [ app_init ] --END-- [ RunTime:0.000738s ]

[ 2016-04-17T15:23:32+08:00 ] ::1 /graduationproject/index.php/home/user/myspace/userid/1043.html
INFO: [ app_init ] --START--
INFO: Run Behavior\BuildLiteBehavior [ RunTime:0.000007s ]
INFO: [ app_init ] --END-- [ RunTime:0.000204s ]

[ 2016-04-17T15:23:42+08:00 ] ::1 /graduationproject/index.php/home/user/updateusername.html
INFO: [ app_init ] --START--
INFO: Run Behavior\BuildLiteBehavior [ RunTime:0.000007s ]
INFO: [ app_init ] --END-- [ RunTime:0.000203s ]
INFO: [ app_begin ] --START--
INFO: Run Behavior\ReadHtmlCacheBehavior [ RunTime:0.000248s ]
INFO: [ app_begin ] --END-- [ RunTime:0.000271s ]
SQL: SELECT COUNT(*) AS tp_count FROM `gt_mail` WHERE `toid` = 1043 AND `status` = 0 LIMIT 1   [ RunTime:0.0005s ]
SQL: SELECT `id`,`name`,`email`,`selfintroduction`,`headerimage`,`gender`,`credit`,`star`,`lat`,`lng`,`address`,`books`,`articles` FROM `gt_user` WHERE `id` = 1043 AND `status` = 1 LIMIT 1   [ RunTime:0.0004s ]
SQL: UPDATE `gt_user` SET `name`='莫吗' WHERE `id` = 1043 AND `status` = 1 [ RunTime:0.0022s ]
SQL: UPDATE `gt_login` SET `username`='莫吗' WHERE `id` = 27 AND `status` = 1 [ RunTime:0.0037s ]

[ 2016-04-17T15:23:51+08:00 ] ::1 /graduationproject/index.php/home/img/imageupload.html
INFO: [ app_init ] --START--
INFO: Run Behavior\BuildLiteBehavior [ RunTime:0.000006s ]
INFO: [ app_init ] --END-- [ RunTime:0.000192s ]

[ 2016-04-17T15:23:57+08:00 ] ::1 /graduationproject/index.php/home/img/getimg.html
INFO: [ app_init ] --START--
INFO: Run Behavior\BuildLiteBehavior [ RunTime:0.000007s ]
INFO: [ app_init ] --END-- [ RunTime:0.000249s ]

[ 2016-04-17T15:24:01+08:00 ] ::1 /graduationproject/index.php/home/img/savecropimg.html
INFO: [ app_init ] --START--
INFO: Run Behavior\BuildLiteBehavior [ RunTime:0.000007s ]
INFO: [ app_init ] --END-- [ RunTime:0.000184s ]
INFO: [ app_begin ] --START--
INFO: Run Behavior\ReadHtmlCacheBehavior [ RunTime:0.000229s ]
INFO: [ app_begin ] --END-- [ RunTime:0.000251s ]
SQL: SELECT COUNT(*) AS tp_count FROM `gt_mail` WHERE `toid` = 1043 AND `status` = 0 LIMIT 1   [ RunTime:0.0002s ]
SQL: SELECT `id`,`name`,`email`,`selfintroduction`,`headerimage`,`gender`,`credit`,`star`,`lat`,`lng`,`address`,`books`,`articles` FROM `gt_user` WHERE `id` = 1043 AND `status` = 1 LIMIT 1   [ RunTime:0.0003s ]
NOTIC: [8] Undefined index: Y /Applications/XAMPP/xamppfiles/htdocs/graduationProject/Application/Home/Controller/ImgController.class.php 第 111 行.
NOTIC: [8] Only variables should be passed by reference /Applications/XAMPP/xamppfiles/htdocs/graduationProject/ThinkPHP/Library/Org/Net/JcropImage.class.php 第 43 行.

[ 2016-04-17T15:24:03+08:00 ] ::1 /graduationproject/index.php/home/user/setuserheadimg.html
INFO: [ app_init ] --START--
INFO: Run Behavior\BuildLiteBehavior [ RunTime:0.000007s ]
INFO: [ app_init ] --END-- [ RunTime:0.000184s ]
INFO: [ app_begin ] --START--
INFO: Run Behavior\ReadHtmlCacheBehavior [ RunTime:0.000233s ]
INFO: [ app_begin ] --END-- [ RunTime:0.000254s ]
SQL: SELECT COUNT(*) AS tp_count FROM `gt_mail` WHERE `toid` = 1043 AND `status` = 0 LIMIT 1   [ RunTime:0.0004s ]
SQL: SELECT `id`,`name`,`email`,`selfintroduction`,`headerimage`,`gender`,`credit`,`star`,`lat`,`lng`,`address`,`books`,`articles` FROM `gt_user` WHERE `id` = 1043 AND `status` = 1 LIMIT 1   [ RunTime:0.0004s ]
SQL: UPDATE `gt_user` SET `headerimage`='1460877841.jpg' WHERE `id` = 1043 AND `status` = 1 [ RunTime:0.0003s ]

[ 2016-04-17T15:24:03+08:00 ] ::1 /graduationproject/index.php/home/user/myspace.html
INFO: [ app_init ] --START--
INFO: Run Behavior\BuildLiteBehavior [ RunTime:0.000011s ]
INFO: [ app_init ] --END-- [ RunTime:0.000360s ]

[ 2016-04-17T15:47:20+08:00 ] ::1 /graduationproject/index.php/home/user/mymailbox.html
INFO: [ app_init ] --START--
INFO: Run Behavior\BuildLiteBehavior [ RunTime:0.000023s ]
INFO: [ app_init ] --END-- [ RunTime:0.003831s ]

[ 2016-04-17T15:47:20+08:00 ] ::1 /graduationproject/index.php/home/message/openmails.html
INFO: [ app_init ] --START--
INFO: Run Behavior\BuildLiteBehavior [ RunTime:0.000008s ]
INFO: [ app_init ] --END-- [ RunTime:0.000292s ]
INFO: [ app_begin ] --START--
INFO: Run Behavior\ReadHtmlCacheBehavior [ RunTime:0.000550s ]
INFO: [ app_begin ] --END-- [ RunTime:0.000598s ]
SQL: SELECT COUNT(*) AS tp_count FROM `gt_mail` WHERE `toid` = 1035 AND `status` = 0 LIMIT 1   [ RunTime:0.0003s ]
SQL: SELECT `id`,`name`,`email`,`selfintroduction`,`headerimage`,`gender`,`credit`,`star`,`lat`,`lng`,`address`,`books`,`articles` FROM `gt_user` WHERE `id` = 1035 AND `status` = 1 LIMIT 1   [ RunTime:0.0003s ]
SQL: UPDATE `gt_mail` SET `status`='1' WHERE `toid` = 1035 AND `status` = 0 [ RunTime:0.0004s ]

[ 2016-04-17T15:47:33+08:00 ] ::1 /graduationproject/index.php/home/nation/index.html
INFO: [ app_init ] --START--
INFO: Run Behavior\BuildLiteBehavior [ RunTime:0.000009s ]
INFO: [ app_init ] --END-- [ RunTime:0.000268s ]

[ 2016-04-17T15:49:38+08:00 ] ::1 /graduationproject/index.php/home/user/myspace.html
INFO: [ app_init ] --START--
INFO: Run Behavior\BuildLiteBehavior [ RunTime:0.000017s ]
INFO: [ app_init ] --END-- [ RunTime:0.003865s ]

[ 2016-04-17T15:49:39+08:00 ] ::1 /graduationproject/index.php/home/user/myspace.html
INFO: [ app_init ] --START--
INFO: Run Behavior\BuildLiteBehavior [ RunTime:0.000011s ]
INFO: [ app_init ] --END-- [ RunTime:0.000227s ]

